Build started 28/05/2016 00:34:33.
     1>Project "C:\Users\Asus\Documents\GitHub\TP_SO2\TP_SO2\ClienteConsola\ClienteConsola.vcxproj" on node 3 (Rebuild target(s)).
     1>ClCompile:
         C:\Program Files (x86)\Microsoft Visual Studio 14.0\VC\bin\CL.exe /c /ZI /nologo /W3 /WX- /sdl /Od /Oy- /D WIN32 /D _DEBUG /D _CONSOLE /D _UNICODE /D UNICODE /Gm /EHsc /RTC1 /MDd /GS /fp:precise /Zc:wchar_t /Zc:forScope /Zc:inline /Fo"Debug\\" /Fd"Debug\vc140.pdb" /Gd /TP /analyze- /errorReport:prompt cliente.cpp Interface.cpp
         Interface.cpp
         cliente.cpp
     1>c:\users\asus\documents\github\tp_so2\tp_so2\clienteconsola\cliente.cpp(42): warning C4101: 'n': unreferenced local variable
     1>c:\users\asus\documents\github\tp_so2\tp_so2\clienteconsola\cliente.cpp(96): warning C4101: 'frase': unreferenced local variable
     1>c:\users\asus\documents\github\tp_so2\tp_so2\clienteconsola\cliente.cpp(95): warning C4101: 'buf': unreferenced local variable
     1>c:\users\asus\documents\github\tp_so2\tp_so2\clienteconsola\cliente.cpp(93): warning C4101: 'ret': unreferenced local variable
     1>c:\users\asus\documents\github\tp_so2\tp_so2\clienteconsola\cliente.cpp(136): warning C4101: 'frase': unreferenced local variable
         Generating Code...
     1>c:\users\asus\documents\github\tp_so2\tp_so2\clienteconsola\cliente.cpp(182): warning C4715: 'Recebe': not all control paths return a value
       Link:
         C:\Program Files (x86)\Microsoft Visual Studio 14.0\VC\bin\link.exe /ERRORREPORT:PROMPT /OUT:"C:\Users\Asus\Documents\GitHub\TP_SO2\TP_SO2\Debug\ClienteConsola.exe" /INCREMENTAL /NOLOGO kernel32.lib user32.lib gdi32.lib winspool.lib comdlg32.lib advapi32.lib shell32.lib ole32.lib oleaut32.lib uuid.lib odbc32.lib odbccp32.lib /MANIFEST /MANIFESTUAC:"level='asInvoker' uiAccess='false'" /manifest:embed /Debug /PDB:"C:\Users\Asus\Documents\GitHub\TP_SO2\TP_SO2\Debug\ClienteConsola.pdb" /SUBSYSTEM:CONSOLE /TLBID:1 /DYNAMICBASE /NXCOMPAT /IMPLIB:"C:\Users\Asus\Documents\GitHub\TP_SO2\TP_SO2\Debug\ClienteConsola.lib" /MACHINE:X86 Debug\cliente.obj
         Debug\Interface.obj
         ClienteConsola.vcxproj -> C:\Users\Asus\Documents\GitHub\TP_SO2\TP_SO2\Debug\ClienteConsola.exe
     1>Done Building Project "C:\Users\Asus\Documents\GitHub\TP_SO2\TP_SO2\ClienteConsola\ClienteConsola.vcxproj" (Rebuild target(s)).

Build succeeded.

Time Elapsed 00:00:03.64
