  Servidor.cpp
c:\users\vitor ribeiro\documents\github\tp_so2\tp_so2\tp_so2\servidor.cpp(132): warning C4101: 'value': unreferenced local variable
c:\users\vitor ribeiro\documents\github\tp_so2\tp_so2\tp_so2\servidor.cpp(133): warning C4101: 'pStr': unreferenced local variable
c:\users\vitor ribeiro\documents\github\tp_so2\tp_so2\tp_so2\servidor.cpp(202): warning C4244: 'argument': conversion from 'time_t' to 'unsigned int', possible loss of data
c:\users\vitor ribeiro\documents\github\tp_so2\tp_so2\tp_so2\servidor.cpp(220): warning C4805: '==': unsafe mix of type 'BOOL' and type 'bool' in operation
c:\users\vitor ribeiro\documents\github\tp_so2\tp_so2\tp_so2\servidor.cpp(257): warning C4018: '<': signed/unsigned mismatch
c:\users\vitor ribeiro\documents\github\tp_so2\tp_so2\tp_so2\servidor.cpp(258): warning C4244: 'argument': conversion from 'wchar_t' to 'char', possible loss of data
c:\users\vitor ribeiro\documents\github\tp_so2\tp_so2\tp_so2\servidor.cpp(259): warning C4018: '<': signed/unsigned mismatch
c:\users\vitor ribeiro\documents\github\tp_so2\tp_so2\tp_so2\servidor.cpp(260): warning C4244: 'argument': conversion from 'wchar_t' to 'char', possible loss of data
c:\users\vitor ribeiro\documents\github\tp_so2\tp_so2\tp_so2\servidor.cpp(191): warning C4101: 'frase': unreferenced local variable
c:\users\vitor ribeiro\documents\github\tp_so2\tp_so2\tp_so2\servidor.cpp(198): warning C4101: 'pStr2': unreferenced local variable
c:\users\vitor ribeiro\documents\github\tp_so2\tp_so2\tp_so2\servidor.cpp(190): warning C4101: 'pass': unreferenced local variable
  Jogador.cpp
c:\users\vitor ribeiro\documents\github\tp_so2\tp_so2\tp_so2\jogador.cpp(54): warning C4018: '<': signed/unsigned mismatch
c:\users\vitor ribeiro\documents\github\tp_so2\tp_so2\tp_so2\jogador.cpp(71): warning C4018: '<': signed/unsigned mismatch
c:\users\vitor ribeiro\documents\github\tp_so2\tp_so2\tp_so2\jogador.cpp(84): warning C4018: '<': signed/unsigned mismatch
  Engenho.cpp
c:\users\vitor ribeiro\documents\github\tp_so2\tp_so2\tp_so2\engenho.cpp(103): warning C4101: 'versao': unreferenced local variable
c:\users\vitor ribeiro\documents\github\tp_so2\tp_so2\tp_so2\engenho.cpp(104): warning C4101: 'autor': unreferenced local variable
c:\users\vitor ribeiro\documents\github\tp_so2\tp_so2\tp_so2\engenho.cpp(103): warning C4101: 'tamanho': unreferenced local variable
c:\users\vitor ribeiro\documents\github\tp_so2\tp_so2\tp_so2\engenho.cpp(127): warning C4101: 'versao': unreferenced local variable
c:\users\vitor ribeiro\documents\github\tp_so2\tp_so2\tp_so2\engenho.cpp(127): warning C4101: 'queAconteceu': unreferenced local variable
c:\users\vitor ribeiro\documents\github\tp_so2\tp_so2\tp_so2\engenho.cpp(128): warning C4101: 'autor': unreferenced local variable
c:\users\vitor ribeiro\documents\github\tp_so2\tp_so2\tp_so2\engenho.cpp(127): warning C4101: 'tamanho': unreferenced local variable
  Generating Code...
  Skipping... (no relevant changes detected)
  Objeto.cpp
  Mapa.cpp
  CelulaMapa.cpp
  TP_SO2.vcxproj -> C:\Users\Vitor Ribeiro\Documents\GitHub\TP_SO2\TP_SO2\Debug\TP_SO2.exe
