c:\users\asus\documents\github\tp_so2\tp_so2\win32project2\win32project2\debug\vc140.pdb
c:\users\asus\documents\github\tp_so2\tp_so2\win32project2\win32project2\debug\vc140.idb
c:\users\asus\documents\github\tp_so2\tp_so2\win32project2\win32project2\debug\dialogbox.obj
c:\users\vitor ribeiro\documents\github\tp_so2\tp_so2\win32project2\win32project2\debug\vc140.pdb
c:\users\vitor ribeiro\documents\github\tp_so2\tp_so2\win32project2\win32project2\debug\vc140.idb
c:\users\vitor ribeiro\documents\github\tp_so2\tp_so2\win32project2\win32project2\debug\dialogbox.obj
c:\users\asus\documents\github\tp_so2\tp_so2\debug\cliente_grafico.ilk
c:\users\asus\documents\github\tp_so2\tp_so2\debug\cliente_grafico.exe
c:\users\asus\documents\github\tp_so2\tp_so2\debug\cliente_grafico.pdb
c:\users\vitor ribeiro\documents\github\tp_so2\tp_so2\debug\cliente_grafico.ilk
c:\users\vitor ribeiro\documents\github\tp_so2\tp_so2\debug\cliente_grafico.exe
c:\users\vitor ribeiro\documents\github\tp_so2\tp_so2\debug\cliente_grafico.pdb
c:\users\asus\documents\github\tp_so2\tp_so2\win32project2\win32project2\debug\resources.res
c:\users\vitor ribeiro\documents\github\tp_so2\tp_so2\win32project2\win32project2\debug\resources.res
c:\users\vitor ribeiro\documents\github\tp_so2\tp_so2\win32project2\win32project2\debug\cliente_grafico.tlog\cl.command.1.tlog
c:\users\vitor ribeiro\documents\github\tp_so2\tp_so2\win32project2\win32project2\debug\cliente_grafico.tlog\cl.read.1.tlog
c:\users\vitor ribeiro\documents\github\tp_so2\tp_so2\win32project2\win32project2\debug\cliente_grafico.tlog\cl.write.1.tlog
c:\users\vitor ribeiro\documents\github\tp_so2\tp_so2\win32project2\win32project2\debug\cliente_grafico.tlog\link.command.1.tlog
c:\users\vitor ribeiro\documents\github\tp_so2\tp_so2\win32project2\win32project2\debug\cliente_grafico.tlog\link.read.1.tlog
c:\users\vitor ribeiro\documents\github\tp_so2\tp_so2\win32project2\win32project2\debug\cliente_grafico.tlog\link.write.1.tlog
c:\users\vitor ribeiro\documents\github\tp_so2\tp_so2\win32project2\win32project2\debug\cliente_grafico.tlog\rc.command.1.tlog
c:\users\vitor ribeiro\documents\github\tp_so2\tp_so2\win32project2\win32project2\debug\cliente_grafico.tlog\rc.read.1.tlog
c:\users\vitor ribeiro\documents\github\tp_so2\tp_so2\win32project2\win32project2\debug\cliente_grafico.tlog\rc.write.1.tlog
