C:\Program Files (x86)\MSBuild\Microsoft.Cpp\v4.0\V140\Microsoft.CppBuild.targets(392,5): warning MSB8028: The intermediate directory (Debug\) contains files shared from another project (Win32Project2.vcxproj).  This can lead to incorrect clean and rebuild behavior.
  DialogBox.c
c:\users\vitor ribeiro\documents\github\tp_so2\tp_so2\win32project2\dialogbox.c(289): warning C4133: 'function': incompatible types - from 'char [10]' to 'const wchar_t *'
c:\users\vitor ribeiro\documents\github\tp_so2\tp_so2\win32project2\dialogbox.c(291): warning C4133: 'function': incompatible types - from 'char [27]' to 'const wchar_t *'
c:\users\vitor ribeiro\documents\github\tp_so2\tp_so2\win32project2\dialogbox.c(277): warning C4101: 'frase': unreferenced local variable
c:\users\vitor ribeiro\documents\github\tp_so2\tp_so2\win32project2\dialogbox.c(454): warning C4020: 'Autenticacao': too many actual parameters
c:\users\vitor ribeiro\documents\github\tp_so2\tp_so2\win32project2\dialogbox.c(536): warning C4047: 'function': 'HMENU' differs in levels of indirection from 'int'
c:\users\vitor ribeiro\documents\github\tp_so2\tp_so2\win32project2\dialogbox.c(536): warning C4024: 'InsertMenuItemW': different types for formal and actual parameter 1
c:\users\vitor ribeiro\documents\github\tp_so2\tp_so2\win32project2\dialogbox.c(536): warning C4133: 'function': incompatible types - from 'TCHAR [25]' to 'LPCMENUITEMINFOW'
c:\users\vitor ribeiro\documents\github\tp_so2\tp_so2\win32project2\dialogbox.c(537): warning C4047: 'function': 'LPCWSTR' differs in levels of indirection from 'int'
c:\users\vitor ribeiro\documents\github\tp_so2\tp_so2\win32project2\dialogbox.c(537): warning C4024: 'LoadMenuW': different types for formal and actual parameter 2
c:\users\vitor ribeiro\documents\github\tp_so2\tp_so2\win32project2\dialogbox.c(574): warning C4047: 'function': 'LPCWSTR' differs in levels of indirection from 'int'
c:\users\vitor ribeiro\documents\github\tp_so2\tp_so2\win32project2\dialogbox.c(574): warning C4024: 'LoadMenuW': different types for formal and actual parameter 2
c:\users\vitor ribeiro\documents\github\tp_so2\tp_so2\win32project2\dialogbox.c(490): warning C4101: 'hThread': unreferenced local variable
c:\users\vitor ribeiro\documents\github\tp_so2\tp_so2\win32project2\dialogbox.c(493): warning C4101: 'h1': unreferenced local variable
c:\users\vitor ribeiro\documents\github\tp_so2\tp_so2\win32project2\dialogbox.c(493): warning C4101: 'h2': unreferenced local variable
c:\users\vitor ribeiro\documents\github\tp_so2\tp_so2\win32project2\dialogbox.c(491): warning C4101: 'n': unreferenced local variable
c:\users\vitor ribeiro\documents\github\tp_so2\tp_so2\win32project2\dialogbox.c(1347): warning C4029: declared formal parameter list different from definition
c:\users\vitor ribeiro\documents\github\tp_so2\tp_so2\win32project2\dialogbox.c(1354): warning C4101: 'frase': unreferenced local variable
c:\users\vitor ribeiro\documents\github\tp_so2\tp_so2\win32project2\dialogbox.c(1353): warning C4101: 'buf': unreferenced local variable
c:\users\vitor ribeiro\documents\github\tp_so2\tp_so2\win32project2\dialogbox.c(1351): warning C4101: 'ret': unreferenced local variable
c:\users\vitor ribeiro\documents\github\tp_so2\tp_so2\win32project2\dialogbox.c(356): warning C4715: 'Recebe': not all control paths return a value
  Win32Project2.vcxproj -> C:\Users\Vitor Ribeiro\Documents\GitHub\TP_SO2\TP_SO2\Debug\Cliente_grafico.exe
