c:\users\asus\documents\github\tp_so2\tp_so2\monstroconsola\debug\vc140.pdb
c:\users\asus\documents\github\tp_so2\tp_so2\monstroconsola\debug\vc140.idb
c:\users\asus\documents\github\tp_so2\tp_so2\monstroconsola\debug\main.obj
c:\users\asus\documents\github\tp_so2\tp_so2\monstroconsola\debug\monstro.obj
c:\users\asus\documents\github\tp_so2\tp_so2\monstroconsola\debug\partilha.obj
c:\users\asus\documents\github\tp_so2\tp_so2\debug\monstroconsola.ilk
c:\users\asus\documents\github\tp_so2\tp_so2\debug\monstroconsola.exe
c:\users\asus\documents\github\tp_so2\tp_so2\debug\monstroconsola.pdb
c:\users\vitor ribeiro\documents\github\tp_so2\tp_so2\monstroconsola\debug\main.obj
c:\users\vitor ribeiro\documents\github\tp_so2\tp_so2\monstroconsola\debug\monstro.obj
c:\users\vitor ribeiro\documents\github\tp_so2\tp_so2\monstroconsola\debug\partilha.obj
c:\users\vitor ribeiro\documents\github\tp_so2\tp_so2\monstroconsola\debug\vc140.idb
c:\users\vitor ribeiro\documents\github\tp_so2\tp_so2\monstroconsola\debug\vc140.pdb
c:\users\vitor ribeiro\documents\github\tp_so2\tp_so2\debug\monstroconsola.pdb
c:\users\vitor ribeiro\documents\github\tp_so2\tp_so2\debug\monstroconsola.exe
c:\users\vitor ribeiro\documents\github\tp_so2\tp_so2\debug\monstroconsola.ilk
c:\users\vitor ribeiro\documents\github\tp_so2\tp_so2\monstroconsola\debug\monstroconsola.tlog\cl.command.1.tlog
c:\users\vitor ribeiro\documents\github\tp_so2\tp_so2\monstroconsola\debug\monstroconsola.tlog\cl.read.1.tlog
c:\users\vitor ribeiro\documents\github\tp_so2\tp_so2\monstroconsola\debug\monstroconsola.tlog\cl.write.1.tlog
c:\users\vitor ribeiro\documents\github\tp_so2\tp_so2\monstroconsola\debug\monstroconsola.tlog\link.command.1.tlog
c:\users\vitor ribeiro\documents\github\tp_so2\tp_so2\monstroconsola\debug\monstroconsola.tlog\link.read.1.tlog
c:\users\vitor ribeiro\documents\github\tp_so2\tp_so2\monstroconsola\debug\monstroconsola.tlog\link.write.1.tlog
